[0.546s] Invoking command in '/home/shiba777/ros2_ws_new/src/mypkg': PYTHONPATH=/home/shiba777/ros2_ws_new/src/mypkg/build/mypkg/prefix_override:/home/shiba777/ros2_ws_new/src/mypkg/install/mypkg/lib/python3.8/site-packages:${PYTHONPATH} /usr/bin/python3 setup.py egg_info --egg-base build/mypkg build --build-base /home/shiba777/ros2_ws_new/src/mypkg/build/mypkg/build install --record /home/shiba777/ros2_ws_new/src/mypkg/build/mypkg/install.log --install-scripts $base/lib/mypkg --single-version-externally-managed
[0.661s] running egg_info
[0.661s] writing build/mypkg/mypkg.egg-info/PKG-INFO
[0.661s] writing dependency_links to build/mypkg/mypkg.egg-info/dependency_links.txt
[0.661s] writing entry points to build/mypkg/mypkg.egg-info/entry_points.txt
[0.661s] writing requirements to build/mypkg/mypkg.egg-info/requires.txt
[0.661s] writing top-level names to build/mypkg/mypkg.egg-info/top_level.txt
[0.681s] reading manifest file 'build/mypkg/mypkg.egg-info/SOURCES.txt'
[0.681s] writing manifest file 'build/mypkg/mypkg.egg-info/SOURCES.txt'
[0.681s] running build
[0.681s] running build_py
[0.682s] copying mypkg/talker.py -> /home/shiba777/ros2_ws_new/src/mypkg/build/mypkg/build/lib/mypkg
[0.682s] copying mypkg/listener.py -> /home/shiba777/ros2_ws_new/src/mypkg/build/mypkg/build/lib/mypkg
[0.682s] running install
[0.682s] running install_lib
[0.683s] copying /home/shiba777/ros2_ws_new/src/mypkg/build/mypkg/build/lib/mypkg/talker.py -> /home/shiba777/ros2_ws_new/src/mypkg/install/mypkg/lib/python3.8/site-packages/mypkg
[0.683s] copying /home/shiba777/ros2_ws_new/src/mypkg/build/mypkg/build/lib/mypkg/listener.py -> /home/shiba777/ros2_ws_new/src/mypkg/install/mypkg/lib/python3.8/site-packages/mypkg
[0.684s] byte-compiling /home/shiba777/ros2_ws_new/src/mypkg/install/mypkg/lib/python3.8/site-packages/mypkg/talker.py to talker.cpython-38.pyc
[0.685s] byte-compiling /home/shiba777/ros2_ws_new/src/mypkg/install/mypkg/lib/python3.8/site-packages/mypkg/listener.py to listener.cpython-38.pyc
[0.685s] running install_data
[0.685s] copying package.xml -> /home/shiba777/ros2_ws_new/src/mypkg/install/mypkg/share/mypkg
[0.686s] copying launch/talk_listen.launch.py -> /home/shiba777/ros2_ws_new/src/mypkg/install/mypkg/share/mypkg
[0.686s] running install_egg_info
[0.687s] removing '/home/shiba777/ros2_ws_new/src/mypkg/install/mypkg/lib/python3.8/site-packages/mypkg-0.0.0-py3.8.egg-info' (and everything under it)
[0.687s] Copying build/mypkg/mypkg.egg-info to /home/shiba777/ros2_ws_new/src/mypkg/install/mypkg/lib/python3.8/site-packages/mypkg-0.0.0-py3.8.egg-info
[0.688s] running install_scripts
[0.698s] Installing listener script to /home/shiba777/ros2_ws_new/src/mypkg/install/mypkg/lib/mypkg
[0.698s] Installing talker script to /home/shiba777/ros2_ws_new/src/mypkg/install/mypkg/lib/mypkg
[0.698s] writing list of installed files to '/home/shiba777/ros2_ws_new/src/mypkg/build/mypkg/install.log'
[0.712s] Invoked command in '/home/shiba777/ros2_ws_new/src/mypkg' returned '0': PYTHONPATH=/home/shiba777/ros2_ws_new/src/mypkg/build/mypkg/prefix_override:/home/shiba777/ros2_ws_new/src/mypkg/install/mypkg/lib/python3.8/site-packages:${PYTHONPATH} /usr/bin/python3 setup.py egg_info --egg-base build/mypkg build --build-base /home/shiba777/ros2_ws_new/src/mypkg/build/mypkg/build install --record /home/shiba777/ros2_ws_new/src/mypkg/build/mypkg/install.log --install-scripts $base/lib/mypkg --single-version-externally-managed
