[0.525s] Invoking command in '/home/shiba777/ros2_ws_new/src/mypkg': PYTHONPATH=/home/shiba777/ros2_ws_new/src/mypkg/build/mypkg/prefix_override:/home/shiba777/ros2_ws_new/src/mypkg/install/mypkg/lib/python3.8/site-packages:${PYTHONPATH} /usr/bin/python3 setup.py egg_info --egg-base build/mypkg build --build-base /home/shiba777/ros2_ws_new/src/mypkg/build/mypkg/build install --record /home/shiba777/ros2_ws_new/src/mypkg/build/mypkg/install.log --install-scripts $base/lib/mypkg --single-version-externally-managed
[0.630s] running egg_info
[0.630s] writing build/mypkg/mypkg.egg-info/PKG-INFO
[0.631s] writing dependency_links to build/mypkg/mypkg.egg-info/dependency_links.txt
[0.631s] writing entry points to build/mypkg/mypkg.egg-info/entry_points.txt
[0.631s] writing requirements to build/mypkg/mypkg.egg-info/requires.txt
[0.631s] writing top-level names to build/mypkg/mypkg.egg-info/top_level.txt
[0.651s] reading manifest file 'build/mypkg/mypkg.egg-info/SOURCES.txt'
[0.651s] writing manifest file 'build/mypkg/mypkg.egg-info/SOURCES.txt'
[0.651s] running build
[0.651s] running build_py
[0.651s] copying mypkg/talker.py -> /home/shiba777/ros2_ws_new/src/mypkg/build/mypkg/build/lib/mypkg
[0.651s] copying mypkg/listener.py -> /home/shiba777/ros2_ws_new/src/mypkg/build/mypkg/build/lib/mypkg
[0.652s] running install
[0.653s] running install_lib
[0.654s] copying /home/shiba777/ros2_ws_new/src/mypkg/build/mypkg/build/lib/mypkg/talker.py -> /home/shiba777/ros2_ws_new/src/mypkg/install/mypkg/lib/python3.8/site-packages/mypkg
[0.654s] copying /home/shiba777/ros2_ws_new/src/mypkg/build/mypkg/build/lib/mypkg/listener.py -> /home/shiba777/ros2_ws_new/src/mypkg/install/mypkg/lib/python3.8/site-packages/mypkg
[0.654s] byte-compiling /home/shiba777/ros2_ws_new/src/mypkg/install/mypkg/lib/python3.8/site-packages/mypkg/talker.py to talker.cpython-38.pyc
[0.655s] byte-compiling /home/shiba777/ros2_ws_new/src/mypkg/install/mypkg/lib/python3.8/site-packages/mypkg/listener.py to listener.cpython-38.pyc
[0.656s] running install_data
[0.656s] copying launch/talk_listen.launch.py -> /home/shiba777/ros2_ws_new/src/mypkg/install/mypkg/share/mypkg
[0.656s] running install_egg_info
[0.657s] removing '/home/shiba777/ros2_ws_new/src/mypkg/install/mypkg/lib/python3.8/site-packages/mypkg-0.0.0-py3.8.egg-info' (and everything under it)
[0.658s] Copying build/mypkg/mypkg.egg-info to /home/shiba777/ros2_ws_new/src/mypkg/install/mypkg/lib/python3.8/site-packages/mypkg-0.0.0-py3.8.egg-info
[0.658s] running install_scripts
[0.668s] Installing listener script to /home/shiba777/ros2_ws_new/src/mypkg/install/mypkg/lib/mypkg
[0.668s] Installing talker script to /home/shiba777/ros2_ws_new/src/mypkg/install/mypkg/lib/mypkg
[0.668s] writing list of installed files to '/home/shiba777/ros2_ws_new/src/mypkg/build/mypkg/install.log'
[0.681s] Invoked command in '/home/shiba777/ros2_ws_new/src/mypkg' returned '0': PYTHONPATH=/home/shiba777/ros2_ws_new/src/mypkg/build/mypkg/prefix_override:/home/shiba777/ros2_ws_new/src/mypkg/install/mypkg/lib/python3.8/site-packages:${PYTHONPATH} /usr/bin/python3 setup.py egg_info --egg-base build/mypkg build --build-base /home/shiba777/ros2_ws_new/src/mypkg/build/mypkg/build install --record /home/shiba777/ros2_ws_new/src/mypkg/build/mypkg/install.log --install-scripts $base/lib/mypkg --single-version-externally-managed
