[0.816s] Invoking command in '/home/shiba777/ros2_ws_new/src/mypkg': PYTHONPATH=/home/shiba777/ros2_ws_new/src/mypkg/build/mypkg/prefix_override:/home/shiba777/ros2_ws_new/src/mypkg/install/mypkg/lib/python3.8/site-packages:${PYTHONPATH} /usr/bin/python3 setup.py egg_info --egg-base build/mypkg build --build-base /home/shiba777/ros2_ws_new/src/mypkg/build/mypkg/build install --record /home/shiba777/ros2_ws_new/src/mypkg/build/mypkg/install.log --install-scripts $base/lib/mypkg --single-version-externally-managed
[0.975s] running egg_info
[0.975s] writing build/mypkg/mypkg.egg-info/PKG-INFO
[0.976s] writing dependency_links to build/mypkg/mypkg.egg-info/dependency_links.txt
[0.976s] writing entry points to build/mypkg/mypkg.egg-info/entry_points.txt
[0.976s] writing requirements to build/mypkg/mypkg.egg-info/requires.txt
[0.976s] writing top-level names to build/mypkg/mypkg.egg-info/top_level.txt
[1.005s] reading manifest file 'build/mypkg/mypkg.egg-info/SOURCES.txt'
[1.006s] writing manifest file 'build/mypkg/mypkg.egg-info/SOURCES.txt'
[1.006s] running build
[1.007s] running build_py
[1.007s] running install
[1.008s] running install_lib
[1.009s] running install_data
[1.010s] running install_egg_info
[1.011s] removing '/home/shiba777/ros2_ws_new/src/mypkg/install/mypkg/lib/python3.8/site-packages/mypkg-0.0.0-py3.8.egg-info' (and everything under it)
[1.011s] Copying build/mypkg/mypkg.egg-info to /home/shiba777/ros2_ws_new/src/mypkg/install/mypkg/lib/python3.8/site-packages/mypkg-0.0.0-py3.8.egg-info
[1.012s] running install_scripts
[1.027s] Installing listener script to /home/shiba777/ros2_ws_new/src/mypkg/install/mypkg/lib/mypkg
[1.027s] Installing talker script to /home/shiba777/ros2_ws_new/src/mypkg/install/mypkg/lib/mypkg
[1.028s] writing list of installed files to '/home/shiba777/ros2_ws_new/src/mypkg/build/mypkg/install.log'
[1.049s] Invoked command in '/home/shiba777/ros2_ws_new/src/mypkg' returned '0': PYTHONPATH=/home/shiba777/ros2_ws_new/src/mypkg/build/mypkg/prefix_override:/home/shiba777/ros2_ws_new/src/mypkg/install/mypkg/lib/python3.8/site-packages:${PYTHONPATH} /usr/bin/python3 setup.py egg_info --egg-base build/mypkg build --build-base /home/shiba777/ros2_ws_new/src/mypkg/build/mypkg/build install --record /home/shiba777/ros2_ws_new/src/mypkg/build/mypkg/install.log --install-scripts $base/lib/mypkg --single-version-externally-managed
