[1.007s] DEBUG:colcon:Command line arguments: ['/usr/bin/colcon', 'build']
[1.008s] DEBUG:colcon:Parsed command line arguments: Namespace(allow_overriding=[], ament_cmake_args=None, base_paths=['.'], build_base='build', catkin_cmake_args=None, catkin_skip_building_tests=False, cmake_args=None, cmake_clean_cache=False, cmake_clean_first=False, cmake_force_configure=False, cmake_target=None, cmake_target_skip_unavailable=False, continue_on_error=False, event_handlers=None, executor='parallel', ignore_user_meta=False, install_base='install', log_base=None, log_level=None, main=<bound method BuildVerb.main of <colcon_core.verb.build.BuildVerb object at 0x7f35a72d6df0>>, merge_install=False, metas=['./colcon.meta'], packages_above=None, packages_above_and_dependencies=None, packages_above_depth=None, packages_end=None, packages_ignore=None, packages_ignore_regex=None, packages_select=None, packages_select_build_failed=False, packages_select_by_dep=None, packages_select_regex=None, packages_select_test_failures=False, packages_skip=None, packages_skip_build_finished=False, packages_skip_by_dep=None, packages_skip_regex=None, packages_skip_test_passed=False, packages_skip_up_to=None, packages_start=None, packages_up_to=None, packages_up_to_regex=None, parallel_workers=8, paths=None, symlink_install=False, test_result_base=None, verb_extension=<colcon_core.verb.build.BuildVerb object at 0x7f35a72d6df0>, verb_name='build', verb_parser=<colcon_defaults.argument_parser.defaults.DefaultArgumentsDecorator object at 0x7f35a6f77610>)
[1.062s] Level 1:colcon.colcon_core.package_discovery:discover_packages(colcon_meta) check parameters
[1.062s] Level 1:colcon.colcon_core.package_discovery:discover_packages(recursive) check parameters
[1.062s] Level 1:colcon.colcon_core.package_discovery:discover_packages(ignore) check parameters
[1.062s] Level 1:colcon.colcon_core.package_discovery:discover_packages(path) check parameters
[1.062s] Level 1:colcon.colcon_core.package_discovery:discover_packages(colcon_meta) discover
[1.062s] Level 1:colcon.colcon_core.package_discovery:discover_packages(recursive) discover
[1.062s] INFO:colcon.colcon_core.package_discovery:Crawling recursively for packages in '/home/shiba777/ros2_ws_new/src/mypkg'
[1.062s] Level 1:colcon.colcon_core.package_identification:_identify(.) by extensions ['ignore', 'ignore_ament_install']
[1.062s] Level 1:colcon.colcon_core.package_identification:_identify(.) by extension 'ignore'
[1.062s] Level 1:colcon.colcon_core.package_identification:_identify(.) by extension 'ignore_ament_install'
[1.062s] Level 1:colcon.colcon_core.package_identification:_identify(.) by extensions ['colcon_pkg']
[1.062s] Level 1:colcon.colcon_core.package_identification:_identify(.) by extension 'colcon_pkg'
[1.062s] Level 1:colcon.colcon_core.package_identification:_identify(.) by extensions ['colcon_meta']
[1.062s] Level 1:colcon.colcon_core.package_identification:_identify(.) by extension 'colcon_meta'
[1.062s] Level 1:colcon.colcon_core.package_identification:_identify(.) by extensions ['ros']
[1.062s] Level 1:colcon.colcon_core.package_identification:_identify(.) by extension 'ros'
[1.074s] DEBUG:colcon.colcon_core.package_identification:Package '.' with type 'ros.ament_python' and name 'mypkg'
[1.074s] Level 1:colcon.colcon_core.package_discovery:discover_packages(recursive) using defaults
[1.074s] Level 1:colcon.colcon_core.package_discovery:discover_packages(ignore) discover
[1.074s] Level 1:colcon.colcon_core.package_discovery:discover_packages(ignore) using defaults
[1.074s] Level 1:colcon.colcon_core.package_discovery:discover_packages(path) discover
[1.074s] Level 1:colcon.colcon_core.package_discovery:discover_packages(path) using defaults
[1.164s] Level 1:colcon.colcon_core.package_discovery:discover_packages(prefix_path) check parameters
[1.164s] Level 1:colcon.colcon_core.package_discovery:discover_packages(prefix_path) discover
[1.196s] DEBUG:colcon.colcon_installed_package_information.package_discovery:Found 2 installed packages in /home/shiba777/ros2_ws/install
[1.212s] DEBUG:colcon.colcon_installed_package_information.package_discovery:Found 1 installed packages in /home/shiba777/ros2_setup_scripts/ros2_ws/install
[1.227s] DEBUG:colcon.colcon_installed_package_information.package_discovery:Found 256 installed packages in /opt/ros/foxy
[1.228s] Level 1:colcon.colcon_core.package_discovery:discover_packages(prefix_path) using defaults
[1.314s] Level 5:colcon.colcon_core.verb:set package 'mypkg' build argument 'cmake_args' from command line to 'None'
[1.314s] Level 5:colcon.colcon_core.verb:set package 'mypkg' build argument 'cmake_target' from command line to 'None'
[1.314s] Level 5:colcon.colcon_core.verb:set package 'mypkg' build argument 'cmake_target_skip_unavailable' from command line to 'False'
[1.314s] Level 5:colcon.colcon_core.verb:set package 'mypkg' build argument 'cmake_clean_cache' from command line to 'False'
[1.314s] Level 5:colcon.colcon_core.verb:set package 'mypkg' build argument 'cmake_clean_first' from command line to 'False'
[1.314s] Level 5:colcon.colcon_core.verb:set package 'mypkg' build argument 'cmake_force_configure' from command line to 'False'
[1.314s] Level 5:colcon.colcon_core.verb:set package 'mypkg' build argument 'ament_cmake_args' from command line to 'None'
[1.314s] Level 5:colcon.colcon_core.verb:set package 'mypkg' build argument 'catkin_cmake_args' from command line to 'None'
[1.314s] Level 5:colcon.colcon_core.verb:set package 'mypkg' build argument 'catkin_skip_building_tests' from command line to 'False'
[1.314s] DEBUG:colcon.colcon_core.verb:Building package 'mypkg' with the following arguments: {'ament_cmake_args': None, 'build_base': '/home/shiba777/ros2_ws_new/src/mypkg/build/mypkg', 'catkin_cmake_args': None, 'catkin_skip_building_tests': False, 'cmake_args': None, 'cmake_clean_cache': False, 'cmake_clean_first': False, 'cmake_force_configure': False, 'cmake_target': None, 'cmake_target_skip_unavailable': False, 'install_base': '/home/shiba777/ros2_ws_new/src/mypkg/install/mypkg', 'merge_install': False, 'path': '/home/shiba777/ros2_ws_new/src/mypkg', 'symlink_install': False, 'test_result_base': None}
[1.330s] INFO:colcon.colcon_core.executor:Executing jobs using 'parallel' executor
[1.347s] DEBUG:colcon.colcon_parallel_executor.executor.parallel:run_until_complete
[1.347s] INFO:colcon.colcon_ros.task.ament_python.build:Building ROS package in '/home/shiba777/ros2_ws_new/src/mypkg' with build type 'ament_python'
[1.347s] Level 1:colcon.colcon_core.shell:create_environment_hook('mypkg', 'ament_prefix_path')
[1.365s] INFO:colcon.colcon_core.plugin_system:Skipping extension 'colcon_core.shell.bat': Not used on non-Windows systems
[1.365s] INFO:colcon.colcon_core.shell:Creating environment hook '/home/shiba777/ros2_ws_new/src/mypkg/install/mypkg/share/mypkg/hook/ament_prefix_path.ps1'
[1.366s] INFO:colcon.colcon_core.shell:Creating environment descriptor '/home/shiba777/ros2_ws_new/src/mypkg/install/mypkg/share/mypkg/hook/ament_prefix_path.dsv'
[1.366s] INFO:colcon.colcon_core.shell:Creating environment hook '/home/shiba777/ros2_ws_new/src/mypkg/install/mypkg/share/mypkg/hook/ament_prefix_path.sh'
[1.384s] INFO:colcon.colcon_core.shell:Skip shell extension 'powershell' for command environment: Not usable outside of PowerShell
[1.384s] DEBUG:colcon.colcon_core.shell:Skip shell extension 'dsv' for command environment
[1.579s] INFO:colcon.colcon_core.task.python.build:Building Python package in '/home/shiba777/ros2_ws_new/src/mypkg'
[1.598s] INFO:colcon.colcon_core.shell:Skip shell extension 'powershell' for command environment: Not usable outside of PowerShell
[1.598s] DEBUG:colcon.colcon_core.shell:Skip shell extension 'dsv' for command environment
[1.894s] DEBUG:colcon.colcon_core.event_handler.log_command:Invoking command in '/home/shiba777/ros2_ws_new/src/mypkg': PYTHONPATH=/home/shiba777/ros2_ws_new/src/mypkg/build/mypkg/prefix_override:/home/shiba777/ros2_ws_new/src/mypkg/install/mypkg/lib/python3.8/site-packages:${PYTHONPATH} /usr/bin/python3 setup.py egg_info --egg-base build/mypkg build --build-base /home/shiba777/ros2_ws_new/src/mypkg/build/mypkg/build install --record /home/shiba777/ros2_ws_new/src/mypkg/build/mypkg/install.log --install-scripts $base/lib/mypkg --single-version-externally-managed
[2.060s] DEBUG:colcon.colcon_core.event_handler.log_command:Invoked command in '/home/shiba777/ros2_ws_new/src/mypkg' returned '0': PYTHONPATH=/home/shiba777/ros2_ws_new/src/mypkg/build/mypkg/prefix_override:/home/shiba777/ros2_ws_new/src/mypkg/install/mypkg/lib/python3.8/site-packages:${PYTHONPATH} /usr/bin/python3 setup.py egg_info --egg-base build/mypkg build --build-base /home/shiba777/ros2_ws_new/src/mypkg/build/mypkg/build install --record /home/shiba777/ros2_ws_new/src/mypkg/build/mypkg/install.log --install-scripts $base/lib/mypkg --single-version-externally-managed
[2.079s] Level 1:colcon.colcon_core.environment:checking '/home/shiba777/ros2_ws_new/src/mypkg/install/mypkg' for CMake module files
[2.079s] Level 1:colcon.colcon_core.environment:checking '/home/shiba777/ros2_ws_new/src/mypkg/install/mypkg' for CMake config files
[2.080s] Level 1:colcon.colcon_core.environment:checking '/home/shiba777/ros2_ws_new/src/mypkg/install/mypkg/lib'
[2.080s] Level 1:colcon.colcon_core.environment:checking '/home/shiba777/ros2_ws_new/src/mypkg/install/mypkg/bin'
[2.080s] Level 1:colcon.colcon_core.environment:checking '/home/shiba777/ros2_ws_new/src/mypkg/install/mypkg/lib/pkgconfig/mypkg.pc'
[2.080s] Level 1:colcon.colcon_core.environment:checking '/home/shiba777/ros2_ws_new/src/mypkg/install/mypkg/lib/python3.8/site-packages'
[2.080s] Level 1:colcon.colcon_core.shell:create_environment_hook('mypkg', 'pythonpath')
[2.097s] INFO:colcon.colcon_core.shell:Creating environment hook '/home/shiba777/ros2_ws_new/src/mypkg/install/mypkg/share/mypkg/hook/pythonpath.ps1'
[2.098s] INFO:colcon.colcon_core.shell:Creating environment descriptor '/home/shiba777/ros2_ws_new/src/mypkg/install/mypkg/share/mypkg/hook/pythonpath.dsv'
[2.098s] INFO:colcon.colcon_core.shell:Creating environment hook '/home/shiba777/ros2_ws_new/src/mypkg/install/mypkg/share/mypkg/hook/pythonpath.sh'
[2.099s] Level 1:colcon.colcon_core.environment:checking '/home/shiba777/ros2_ws_new/src/mypkg/install/mypkg/bin'
[2.099s] Level 1:colcon.colcon_core.environment:create_environment_scripts_only(mypkg)
[2.115s] INFO:colcon.colcon_core.shell:Creating package script '/home/shiba777/ros2_ws_new/src/mypkg/install/mypkg/share/mypkg/package.ps1'
[2.116s] INFO:colcon.colcon_core.shell:Creating package descriptor '/home/shiba777/ros2_ws_new/src/mypkg/install/mypkg/share/mypkg/package.dsv'
[2.116s] INFO:colcon.colcon_core.shell:Creating package script '/home/shiba777/ros2_ws_new/src/mypkg/install/mypkg/share/mypkg/package.sh'
[2.117s] INFO:colcon.colcon_core.shell:Creating package script '/home/shiba777/ros2_ws_new/src/mypkg/install/mypkg/share/mypkg/package.bash'
[2.117s] INFO:colcon.colcon_core.shell:Creating package script '/home/shiba777/ros2_ws_new/src/mypkg/install/mypkg/share/mypkg/package.zsh'
[2.118s] Level 1:colcon.colcon_core.environment:create_file_with_runtime_dependencies(/home/shiba777/ros2_ws_new/src/mypkg/install/mypkg/share/colcon-core/packages/mypkg)
[2.118s] DEBUG:colcon.colcon_parallel_executor.executor.parallel:closing loop
[2.118s] DEBUG:colcon.colcon_parallel_executor.executor.parallel:loop closed
[2.118s] DEBUG:colcon.colcon_parallel_executor.executor.parallel:run_until_complete finished with '0'
[2.118s] DEBUG:colcon.colcon_core.event_reactor:joining thread
[2.163s] INFO:colcon.colcon_core.plugin_system:Skipping extension 'colcon_notification.desktop_notification.notify_send': Could not find 'notify-send'
[2.163s] INFO:colcon.colcon_core.plugin_system:Skipping extension 'colcon_notification.desktop_notification.terminal_notifier': Not used on non-Darwin systems
[2.163s] INFO:colcon.colcon_core.plugin_system:Skipping extension 'colcon_notification.desktop_notification.win32': Not used on non-Windows systems
[2.163s] INFO:colcon.colcon_notification.desktop_notification:Sending desktop notification using 'notify2'
[2.175s] DEBUG:colcon.colcon_notification.desktop_notification.notify2:Failed to initialize notify2: org.freedesktop.DBus.Error.ServiceUnknown: The name org.freedesktop.Notifications was not provided by any .service files
[2.176s] DEBUG:colcon.colcon_core.event_reactor:joined thread
[2.193s] INFO:colcon.colcon_core.shell:Creating prefix script '/home/shiba777/ros2_ws_new/src/mypkg/install/local_setup.ps1'
[2.194s] INFO:colcon.colcon_core.shell:Creating prefix util module '/home/shiba777/ros2_ws_new/src/mypkg/install/_local_setup_util_ps1.py'
[2.195s] INFO:colcon.colcon_core.shell:Creating prefix chain script '/home/shiba777/ros2_ws_new/src/mypkg/install/setup.ps1'
[2.212s] INFO:colcon.colcon_core.shell:Creating prefix script '/home/shiba777/ros2_ws_new/src/mypkg/install/local_setup.sh'
[2.212s] INFO:colcon.colcon_core.shell:Creating prefix util module '/home/shiba777/ros2_ws_new/src/mypkg/install/_local_setup_util_sh.py'
[2.213s] INFO:colcon.colcon_core.shell:Creating prefix chain script '/home/shiba777/ros2_ws_new/src/mypkg/install/setup.sh'
[2.229s] INFO:colcon.colcon_core.shell:Creating prefix script '/home/shiba777/ros2_ws_new/src/mypkg/install/local_setup.bash'
[2.230s] INFO:colcon.colcon_core.shell:Creating prefix chain script '/home/shiba777/ros2_ws_new/src/mypkg/install/setup.bash'
[2.247s] INFO:colcon.colcon_core.shell:Creating prefix script '/home/shiba777/ros2_ws_new/src/mypkg/install/local_setup.zsh'
[2.248s] INFO:colcon.colcon_core.shell:Creating prefix chain script '/home/shiba777/ros2_ws_new/src/mypkg/install/setup.zsh'
