[0.541s] Invoking command in '/home/shiba777/ros2_ws_new/src/mypkg': PYTHONPATH=/home/shiba777/ros2_ws_new/src/mypkg/build/mypkg/prefix_override:/home/shiba777/ros2_ws_new/src/mypkg/install/mypkg/lib/python3.8/site-packages:${PYTHONPATH} /usr/bin/python3 setup.py egg_info --egg-base build/mypkg build --build-base /home/shiba777/ros2_ws_new/src/mypkg/build/mypkg/build install --record /home/shiba777/ros2_ws_new/src/mypkg/build/mypkg/install.log --install-scripts $base/lib/mypkg --single-version-externally-managed
[0.644s] running egg_info
[0.644s] creating build/mypkg/mypkg.egg-info
[0.645s] writing build/mypkg/mypkg.egg-info/PKG-INFO
[0.645s] writing dependency_links to build/mypkg/mypkg.egg-info/dependency_links.txt
[0.645s] writing entry points to build/mypkg/mypkg.egg-info/entry_points.txt
[0.645s] writing requirements to build/mypkg/mypkg.egg-info/requires.txt
[0.645s] writing top-level names to build/mypkg/mypkg.egg-info/top_level.txt
[0.646s] writing manifest file 'build/mypkg/mypkg.egg-info/SOURCES.txt'
[0.665s] reading manifest file 'build/mypkg/mypkg.egg-info/SOURCES.txt'
[0.666s] writing manifest file 'build/mypkg/mypkg.egg-info/SOURCES.txt'
[0.666s] running build
[0.666s] running build_py
[0.666s] creating /home/shiba777/ros2_ws_new/src/mypkg/build/mypkg/build
[0.666s] creating /home/shiba777/ros2_ws_new/src/mypkg/build/mypkg/build/lib
[0.666s] creating /home/shiba777/ros2_ws_new/src/mypkg/build/mypkg/build/lib/mypkg
[0.666s] copying mypkg/talker.py -> /home/shiba777/ros2_ws_new/src/mypkg/build/mypkg/build/lib/mypkg
[0.666s] copying mypkg/listener.py -> /home/shiba777/ros2_ws_new/src/mypkg/build/mypkg/build/lib/mypkg
[0.666s] copying mypkg/__init__.py -> /home/shiba777/ros2_ws_new/src/mypkg/build/mypkg/build/lib/mypkg
[0.666s] running install
[0.667s] running install_lib
[0.667s] creating /home/shiba777/ros2_ws_new/src/mypkg/install/mypkg/lib/python3.8/site-packages/mypkg
[0.667s] copying /home/shiba777/ros2_ws_new/src/mypkg/build/mypkg/build/lib/mypkg/talker.py -> /home/shiba777/ros2_ws_new/src/mypkg/install/mypkg/lib/python3.8/site-packages/mypkg
[0.668s] copying /home/shiba777/ros2_ws_new/src/mypkg/build/mypkg/build/lib/mypkg/listener.py -> /home/shiba777/ros2_ws_new/src/mypkg/install/mypkg/lib/python3.8/site-packages/mypkg
[0.668s] copying /home/shiba777/ros2_ws_new/src/mypkg/build/mypkg/build/lib/mypkg/__init__.py -> /home/shiba777/ros2_ws_new/src/mypkg/install/mypkg/lib/python3.8/site-packages/mypkg
[0.668s] byte-compiling /home/shiba777/ros2_ws_new/src/mypkg/install/mypkg/lib/python3.8/site-packages/mypkg/talker.py to talker.cpython-38.pyc
[0.669s] byte-compiling /home/shiba777/ros2_ws_new/src/mypkg/install/mypkg/lib/python3.8/site-packages/mypkg/listener.py to listener.cpython-38.pyc
[0.669s] byte-compiling /home/shiba777/ros2_ws_new/src/mypkg/install/mypkg/lib/python3.8/site-packages/mypkg/__init__.py to __init__.cpython-38.pyc
[0.669s] running install_data
[0.670s] creating /home/shiba777/ros2_ws_new/src/mypkg/install/mypkg/share/ament_index
[0.670s] creating /home/shiba777/ros2_ws_new/src/mypkg/install/mypkg/share/ament_index/resource_index
[0.670s] creating /home/shiba777/ros2_ws_new/src/mypkg/install/mypkg/share/ament_index/resource_index/packages
[0.670s] copying resource/mypkg -> /home/shiba777/ros2_ws_new/src/mypkg/install/mypkg/share/ament_index/resource_index/packages
[0.670s] copying package.xml -> /home/shiba777/ros2_ws_new/src/mypkg/install/mypkg/share/mypkg
[0.670s] copying launch/talk_listen.launch.py -> /home/shiba777/ros2_ws_new/src/mypkg/install/mypkg/share/mypkg
[0.670s] running install_egg_info
[0.671s] Copying build/mypkg/mypkg.egg-info to /home/shiba777/ros2_ws_new/src/mypkg/install/mypkg/lib/python3.8/site-packages/mypkg-0.0.0-py3.8.egg-info
[0.671s] running install_scripts
[0.681s] Installing listener script to /home/shiba777/ros2_ws_new/src/mypkg/install/mypkg/lib/mypkg
[0.682s] Installing talker script to /home/shiba777/ros2_ws_new/src/mypkg/install/mypkg/lib/mypkg
[0.682s] writing list of installed files to '/home/shiba777/ros2_ws_new/src/mypkg/build/mypkg/install.log'
[0.695s] Invoked command in '/home/shiba777/ros2_ws_new/src/mypkg' returned '0': PYTHONPATH=/home/shiba777/ros2_ws_new/src/mypkg/build/mypkg/prefix_override:/home/shiba777/ros2_ws_new/src/mypkg/install/mypkg/lib/python3.8/site-packages:${PYTHONPATH} /usr/bin/python3 setup.py egg_info --egg-base build/mypkg build --build-base /home/shiba777/ros2_ws_new/src/mypkg/build/mypkg/build install --record /home/shiba777/ros2_ws_new/src/mypkg/build/mypkg/install.log --install-scripts $base/lib/mypkg --single-version-externally-managed
